<?xml version="1.0" encoding="UTF-8"?>
<testng-results skipped="0" failed="1" ignored="0" total="2" passed="1">
  <reporter-output>
  </reporter-output>
  <suite name="Amazon.com" duration-ms="39797" started-at="2020-02-25T16:03:05Z" finished-at="2020-02-25T16:03:45Z">
    <groups>
    </groups>
    <test name="ProductPurchase" duration-ms="39797" started-at="2020-02-25T16:03:05Z" finished-at="2020-02-25T16:03:45Z">
      <class name="amazonApp.mobileAppTest.Purchase">
        <test-method status="PASS" signature="initialize()[pri:0, instance:amazonApp.mobileAppTest.Purchase@5c5eefef]" name="initialize" is-config="true" duration-ms="13576" started-at="2020-02-25T21:33:05Z" finished-at="2020-02-25T21:33:19Z">
          <reporter-output>
          </reporter-output>
        </test-method> <!-- initialize -->
        <test-method status="PASS" signature="testDataInput()[pri:0, instance:amazonApp.mobileAppTest.Purchase@5c5eefef]" name="testDataInput" is-config="true" duration-ms="1208" started-at="2020-02-25T21:33:19Z" finished-at="2020-02-25T21:33:20Z">
          <reporter-output>
          </reporter-output>
        </test-method> <!-- testDataInput -->
        <test-method status="PASS" signature="changeCountrySettings()[pri:0, instance:amazonApp.mobileAppTest.Purchase@5c5eefef]" name="changeCountrySettings" duration-ms="19302" started-at="2020-02-25T21:33:20Z" finished-at="2020-02-25T21:33:40Z">
          <reporter-output>
          </reporter-output>
        </test-method> <!-- changeCountrySettings -->
        <test-method status="FAIL" signature="buyProduct()[pri:0, instance:amazonApp.mobileAppTest.Purchase@5c5eefef]" name="buyProduct" duration-ms="4998" started-at="2020-02-25T21:33:40Z" depends-on-methods="amazonApp.mobileAppTest.Purchase.changeCountrySettings" finished-at="2020-02-25T21:33:45Z">
          <exception class="java.lang.IndexOutOfBoundsException">
            <message>
              <![CDATA[Index: 7, Size: 3]]>
            </message>
            <full-stacktrace>
              <![CDATA[java.lang.IndexOutOfBoundsException: Index: 7, Size: 3
	at java.util.ArrayList.rangeCheck(Unknown Source)
	at java.util.ArrayList.get(Unknown Source)
	at sun.reflect.NativeMethodAccessorImpl.invoke0(Native Method)
	at sun.reflect.NativeMethodAccessorImpl.invoke(Unknown Source)
	at sun.reflect.DelegatingMethodAccessorImpl.invoke(Unknown Source)
	at java.lang.reflect.Method.invoke(Unknown Source)
	at io.appium.java_client.pagefactory.ElementListInterceptor.getObject(ElementListInterceptor.java:39)
	at io.appium.java_client.pagefactory.interceptors.InterceptorOfAListOfElements.intercept(InterceptorOfAListOfElements.java:46)
	at $java.util.ArrayList$$EnhancerByCGLIB$$c0a2d785.get(<generated>)
	at Pages.HomePage.storePoductInfo(HomePage.java:83)
	at amazonApp.mobileAppTest.Purchase.buyProduct(Purchase.java:102)
	at sun.reflect.NativeMethodAccessorImpl.invoke0(Native Method)
	at sun.reflect.NativeMethodAccessorImpl.invoke(Unknown Source)
	at sun.reflect.DelegatingMethodAccessorImpl.invoke(Unknown Source)
	at java.lang.reflect.Method.invoke(Unknown Source)
	at org.testng.internal.MethodInvocationHelper.invokeMethod(MethodInvocationHelper.java:104)
	at org.testng.internal.Invoker.invokeMethod(Invoker.java:645)
	at org.testng.internal.Invoker.invokeTestMethod(Invoker.java:851)
	at org.testng.internal.Invoker.invokeTestMethods(Invoker.java:1177)
	at org.testng.internal.TestMethodWorker.invokeTestMethods(TestMethodWorker.java:129)
	at org.testng.internal.TestMethodWorker.run(TestMethodWorker.java:112)
	at org.testng.TestRunner.privateRun(TestRunner.java:756)
	at org.testng.TestRunner.run(TestRunner.java:610)
	at org.testng.SuiteRunner.runTest(SuiteRunner.java:387)
	at org.testng.SuiteRunner.runSequentially(SuiteRunner.java:382)
	at org.testng.SuiteRunner.privateRun(SuiteRunner.java:340)
	at org.testng.SuiteRunner.run(SuiteRunner.java:289)
	at org.testng.SuiteRunnerWorker.runSuite(SuiteRunnerWorker.java:52)
	at org.testng.SuiteRunnerWorker.run(SuiteRunnerWorker.java:86)
	at org.testng.TestNG.runSuitesSequentially(TestNG.java:1293)
	at org.testng.TestNG.runSuitesLocally(TestNG.java:1218)
	at org.testng.TestNG.runSuites(TestNG.java:1133)
	at org.testng.TestNG.run(TestNG.java:1104)
	at org.testng.remote.AbstractRemoteTestNG.run(AbstractRemoteTestNG.java:132)
	at org.testng.remote.RemoteTestNG.initAndRun(RemoteTestNG.java:236)
	at org.testng.remote.RemoteTestNG.main(RemoteTestNG.java:81)
]]>
            </full-stacktrace>
          </exception> <!-- java.lang.IndexOutOfBoundsException -->
          <reporter-output>
          </reporter-output>
        </test-method> <!-- buyProduct -->
      </class> <!-- amazonApp.mobileAppTest.Purchase -->
    </test> <!-- ProductPurchase -->
  </suite> <!-- Amazon.com -->
</testng-results>
